[ ERROR  ]  ##   Monitor not started: org.jboss.netty.channel.ChannelException: Failed to bind to: 0.0.0.0/0.0.0.0:8000
[ NORMAL  ]  ##   Please press ENTER to start the tournament.
[ NORMAL  ]  ##   got authentication: username=agentA8 password=1 address=127.0.0.1
[ NORMAL  ]  ##   got authentication: username=agentA1 password=1 address=127.0.0.1
[ NORMAL  ]  ##   got authentication: username=agentA3 password=1 address=127.0.0.1
[ NORMAL  ]  ##   agentA3 authentication successful
[ NORMAL  ]  ##   agentA8 authentication successful
[ NORMAL  ]  ##   agentA1 authentication successful
[ NORMAL  ]  ##   got authentication: username=agentA12 password=1 address=127.0.0.1
[ NORMAL  ]  ##   agentA12 authentication successful
[ NORMAL  ]  ##   got authentication: username=agentA9 password=1 address=127.0.0.1
[ NORMAL  ]  ##   agentA9 authentication successful
[ NORMAL  ]  ##   got authentication: username=agentA14 password=1 address=127.0.0.1
[ NORMAL  ]  ##   agentA14 authentication successful
[ NORMAL  ]  ##   got authentication: username=agentA15 password=1 address=127.0.0.1
[ NORMAL  ]  ##   agentA15 authentication successful
[ NORMAL  ]  ##   got authentication: username=agentA10 password=1 address=127.0.0.1
[ NORMAL  ]  ##   agentA10 authentication successful
[ NORMAL  ]  ##   got authentication: username=agentA6 password=1 address=127.0.0.1
[ NORMAL  ]  ##   agentA6 authentication successful
[ NORMAL  ]  ##   got authentication: username=agentA13 password=1 address=127.0.0.1
[ NORMAL  ]  ##   agentA13 authentication successful
[ NORMAL  ]  ##   got authentication: username=agentA2 password=1 address=127.0.0.1
[ NORMAL  ]  ##   agentA2 authentication successful
[ NORMAL  ]  ##   got authentication: username=agentA5 password=1 address=127.0.0.1
[ NORMAL  ]  ##   got authentication: username=agentA4 password=1 address=127.0.0.1
[ NORMAL  ]  ##   agentA4 authentication successful
[ NORMAL  ]  ##   got authentication: username=agentA11 password=1 address=127.0.0.1
[ NORMAL  ]  ##   agentA11 authentication successful
[ NORMAL  ]  ##   got authentication: username=agentA7 password=1 address=127.0.0.1
[ NORMAL  ]  ##   agentA7 authentication successful
[ NORMAL  ]  ##   agentA5 authentication successful
[ NORMAL  ]  ##   Configuring random seed: 17
[ NORMAL  ]  ##   config.randomFail: 0
[ NORMAL  ]  ##   config.attachLimit: 10
[ NORMAL  ]  ##   config.clearSteps: 3
[ NORMAL  ]  ##   config.clusterBounds: 2, 3
[ NORMAL  ]  ##   config.clearEnergyCost: 30
[ NORMAL  ]  ##   config.disableDuration: 4
[ NORMAL  ]  ##   config.maxEnergy: 300
[ NORMAL  ]  ##   config.blockTypes: [1,2] -> 2
[ NORMAL  ]  ##   config.dispensersBounds: [5,10]
[ NORMAL  ]  ##   config.tasks.duration: [200,200]
[ NORMAL  ]  ##   config.tasks.size: [1,1]
[ NORMAL  ]  ##   config.tasks.rewardDecay: [1,2]
[ NORMAL  ]  ##   config.tasks.probability: 0.05
[ NORMAL  ]  ##   config.taskboards: 3
[ NORMAL  ]  ##   config.distanceToTaskboards: 8
[ NORMAL  ]  ##   config.tasks.lowerRewardLimit: 10
[ NORMAL  ]  ##   config.events.chance: 0
[ NORMAL  ]  ##   config.events.radius: 3 - 5
[ NORMAL  ]  ##   config.events.warning: 5
[ NORMAL  ]  ##   config.events.create: -3 - 1
[ NORMAL  ]  ##   config.events.perimeter: 2
[ NORMAL  ]  ##   Created dispenser(28,33,b0)
[ NORMAL  ]  ##   Created dispenser(25,43,b0)
[ NORMAL  ]  ##   Created dispenser(8,45,b0)
[ NORMAL  ]  ##   Created dispenser(14,39,b0)
[ NORMAL  ]  ##   Created dispenser(20,46,b0)
[ NORMAL  ]  ##   Created dispenser(2,18,b0)
[ NORMAL  ]  ##   Created dispenser(4,22,b0)
[ NORMAL  ]  ##   Created dispenser(35,13,b0)
[ NORMAL  ]  ##   Created dispenser(19,40,b1)
[ NORMAL  ]  ##   Created dispenser(23,18,b1)
[ NORMAL  ]  ##   Created dispenser(8,49,b1)
[ NORMAL  ]  ##   Created dispenser(12,28,b1)
[ NORMAL  ]  ##   Created dispenser(37,37,b1)
[ NORMAL  ]  ##   Created dispenser(44,32,b1)
[ NORMAL  ]  ##   Created dispenser(38,35,b1)
[ NORMAL  ]  ##   Created dispenser(21,2,b1)
[ NORMAL  ]  ##   Created dispenser(15,6,b1)
[ NORMAL  ]  ##   Created Taskboard(0,45)
[ NORMAL  ]  ##   Created Taskboard(28,27)
[ NORMAL  ]  ##   Created Taskboard(12,2)
[ NORMAL  ]  ##   Simulation at step 0
[ NORMAL  ]  ##   Simulation at step 1
[ NORMAL  ]  ##   Simulation at step 2
[ NORMAL  ]  ##   Simulation at step 3
[ NORMAL  ]  ##   Simulation at step 4
[ NORMAL  ]  ##   Simulation at step 5
[ NORMAL  ]  ##   Simulation at step 6
[ NORMAL  ]  ##   Simulation at step 7
[ NORMAL  ]  ##   Simulation at step 8
[ NORMAL  ]  ##   Simulation at step 9
[ NORMAL  ]  ##   Simulation at step 10
[ NORMAL  ]  ##   Simulation at step 11
[ NORMAL  ]  ##   Simulation at step 12
[ NORMAL  ]  ##   Simulation at step 13
[ NORMAL  ]  ##   Simulation at step 14
[ NORMAL  ]  ##   Simulation at step 15
[ NORMAL  ]  ##   Simulation at step 16
[ ERROR  ]  ##   Error receiving json object. Stop receiving.
[ ERROR  ]  ##   Error receiving json object. Stop receiving.
[ ERROR  ]  ##   Error receiving json object. Stop receiving.
[ ERROR  ]  ##   Error receiving json object. Stop receiving.
[ ERROR  ]  ##   Error receiving json object. Stop receiving.
[ ERROR  ]  ##   Error receiving json object. Stop receiving.
[ ERROR  ]  ##   Error receiving json object. Stop receiving.
[ ERROR  ]  ##   Error receiving json object. Stop receiving.
[ ERROR  ]  ##   Error receiving json object. Stop receiving.
[ ERROR  ]  ##   Error receiving json object. Stop receiving.
[ ERROR  ]  ##   Error receiving json object. Stop receiving.
[ ERROR  ]  ##   Error receiving json object. Stop receiving.
[ ERROR  ]  ##   Error receiving json object. Stop receiving.
[ ERROR  ]  ##   Error receiving json object. Stop receiving.
[ ERROR  ]  ##   Error receiving json object. Stop receiving.
