[ NORMAL  ]  ##   Please press ENTER to start the tournament.
[ NORMAL  ]  ##   Configuring random seed: 17
[ NORMAL  ]  ##   config.randomFail: 0
[ NORMAL  ]  ##   config.attachLimit: 10
[ NORMAL  ]  ##   config.clearSteps: 3
[ NORMAL  ]  ##   config.clusterBounds: 2, 3
[ NORMAL  ]  ##   config.clearEnergyCost: 30
[ NORMAL  ]  ##   config.disableDuration: 4
[ NORMAL  ]  ##   config.maxEnergy: 300
[ NORMAL  ]  ##   config.blockTypes: [1,2] -> 2
[ NORMAL  ]  ##   config.dispensersBounds: [5,10]
[ NORMAL  ]  ##   config.tasks.duration: [200,200]
[ NORMAL  ]  ##   config.tasks.size: [1,1]
[ NORMAL  ]  ##   config.tasks.rewardDecay: [1,2]
[ NORMAL  ]  ##   config.tasks.probability: 0.05
[ NORMAL  ]  ##   config.taskboards: 3
[ NORMAL  ]  ##   config.distanceToTaskboards: 8
[ NORMAL  ]  ##   config.tasks.lowerRewardLimit: 10
[ NORMAL  ]  ##   config.events.chance: 0
[ NORMAL  ]  ##   config.events.radius: 3 - 5
[ NORMAL  ]  ##   config.events.warning: 5
[ NORMAL  ]  ##   config.events.create: -3 - 1
[ NORMAL  ]  ##   config.events.perimeter: 2
[ NORMAL  ]  ##   Created dispenser(40,1,b0)
[ NORMAL  ]  ##   Created dispenser(10,26,b0)
[ NORMAL  ]  ##   Created dispenser(42,7,b0)
[ NORMAL  ]  ##   Created dispenser(3,9,b0)
[ NORMAL  ]  ##   Created dispenser(36,37,b0)
[ NORMAL  ]  ##   Created dispenser(25,26,b0)
[ NORMAL  ]  ##   Created dispenser(43,23,b0)
[ NORMAL  ]  ##   Created dispenser(49,35,b0)
[ NORMAL  ]  ##   Created dispenser(34,9,b0)
[ NORMAL  ]  ##   Created dispenser(7,33,b0)
[ NORMAL  ]  ##   Created dispenser(12,42,b1)
[ NORMAL  ]  ##   Created dispenser(1,44,b1)
[ NORMAL  ]  ##   Created dispenser(34,6,b1)
[ NORMAL  ]  ##   Created dispenser(7,28,b1)
[ NORMAL  ]  ##   Created dispenser(33,25,b1)
[ NORMAL  ]  ##   Created Taskboard(43,8)
[ NORMAL  ]  ##   Created Taskboard(45,14)
[ NORMAL  ]  ##   Created Taskboard(39,20)
[ NORMAL  ]  ##   Simulation at step 0
[ NORMAL  ]  ##   got authentication: username=agentA1 password=1 address=127.0.0.1
[ NORMAL  ]  ##   got authentication: username=agentA2 password=1 address=127.0.0.1
[ NORMAL  ]  ##   agentA1 authentication successful
[ NORMAL  ]  ##   agentA2 authentication successful
[ NORMAL  ]  ##   No valid action available in time for agent agentA2.
[ NORMAL  ]  ##   No valid action available in time for agent agentA1.
[ NORMAL  ]  ##   Simulation at step 1
[ NORMAL  ]  ##   Simulation at step 2
[ NORMAL  ]  ##   Simulation at step 3
[ NORMAL  ]  ##   Simulation at step 4
[ NORMAL  ]  ##   Simulation at step 5
[ NORMAL  ]  ##   Simulation at step 6
[ NORMAL  ]  ##   Simulation at step 7
[ NORMAL  ]  ##   Simulation at step 8
[ NORMAL  ]  ##   Simulation at step 9
[ NORMAL  ]  ##   Simulation at step 10
[ NORMAL  ]  ##   Simulation at step 11
[ NORMAL  ]  ##   Simulation at step 12
[ NORMAL  ]  ##   Simulation at step 13
[ NORMAL  ]  ##   Simulation at step 14
[ NORMAL  ]  ##   Simulation at step 15
[ NORMAL  ]  ##   Simulation at step 16
[ NORMAL  ]  ##   Simulation at step 17
[ NORMAL  ]  ##   Simulation at step 18
[ NORMAL  ]  ##   Simulation at step 19
[ NORMAL  ]  ##   Simulation at step 20
[ NORMAL  ]  ##   Simulation at step 21
[ NORMAL  ]  ##   Simulation at step 22
[ NORMAL  ]  ##   Simulation at step 23
[ NORMAL  ]  ##   Simulation at step 24
[ NORMAL  ]  ##   Simulation at step 25
[ NORMAL  ]  ##   Simulation at step 26
[ NORMAL  ]  ##   Simulation at step 27
[ NORMAL  ]  ##   Simulation at step 28
[ NORMAL  ]  ##   Simulation at step 29
[ NORMAL  ]  ##   Simulation at step 30
[ NORMAL  ]  ##   Simulation at step 31
[ NORMAL  ]  ##   Simulation at step 32
[ NORMAL  ]  ##   Simulation at step 33
[ NORMAL  ]  ##   Simulation at step 34
[ NORMAL  ]  ##   Simulation at step 35
[ NORMAL  ]  ##   Simulation at step 36
[ NORMAL  ]  ##   Simulation at step 37
[ NORMAL  ]  ##   Simulation at step 38
[ NORMAL  ]  ##   Simulation at step 39
[ NORMAL  ]  ##   Simulation at step 40
[ NORMAL  ]  ##   Simulation at step 41
[ NORMAL  ]  ##   Simulation at step 42
[ NORMAL  ]  ##   Simulation at step 43
[ NORMAL  ]  ##   Simulation at step 44
[ NORMAL  ]  ##   Simulation at step 45
[ NORMAL  ]  ##   Simulation at step 46
[ NORMAL  ]  ##   Simulation at step 47
[ NORMAL  ]  ##   Simulation at step 48
[ NORMAL  ]  ##   Simulation at step 49
[ NORMAL  ]  ##   Simulation at step 50
[ NORMAL  ]  ##   Simulation at step 51
[ NORMAL  ]  ##   Simulation at step 52
[ NORMAL  ]  ##   Simulation at step 53
[ NORMAL  ]  ##   Simulation at step 54
[ NORMAL  ]  ##   Simulation at step 55
[ NORMAL  ]  ##   Simulation at step 56
[ NORMAL  ]  ##   Simulation at step 57
[ NORMAL  ]  ##   Simulation at step 58
[ NORMAL  ]  ##   Simulation at step 59
[ NORMAL  ]  ##   Simulation at step 60
[ NORMAL  ]  ##   Simulation at step 61
[ NORMAL  ]  ##   Simulation at step 62
[ NORMAL  ]  ##   Simulation at step 63
[ NORMAL  ]  ##   Simulation at step 64
[ NORMAL  ]  ##   Simulation at step 65
[ NORMAL  ]  ##   Simulation at step 66
[ NORMAL  ]  ##   Simulation at step 67
[ NORMAL  ]  ##   Simulation at step 68
[ NORMAL  ]  ##   Simulation at step 69
[ NORMAL  ]  ##   Simulation at step 70
[ NORMAL  ]  ##   Simulation at step 71
[ NORMAL  ]  ##   Simulation at step 72
[ NORMAL  ]  ##   Simulation at step 73
[ NORMAL  ]  ##   Simulation at step 74
[ NORMAL  ]  ##   Simulation at step 75
[ NORMAL  ]  ##   Simulation at step 76
[ NORMAL  ]  ##   Simulation at step 77
[ NORMAL  ]  ##   Simulation at step 78
[ NORMAL  ]  ##   Simulation at step 79
[ NORMAL  ]  ##   Simulation at step 80
[ NORMAL  ]  ##   Simulation at step 81
[ NORMAL  ]  ##   Simulation at step 82
[ NORMAL  ]  ##   Simulation at step 83
[ NORMAL  ]  ##   Simulation at step 84
[ NORMAL  ]  ##   Simulation at step 85
[ NORMAL  ]  ##   Simulation at step 86
[ NORMAL  ]  ##   Simulation at step 87
[ NORMAL  ]  ##   Simulation at step 88
[ NORMAL  ]  ##   Simulation at step 89
[ NORMAL  ]  ##   Simulation at step 90
[ NORMAL  ]  ##   Simulation at step 91
[ NORMAL  ]  ##   Simulation at step 92
[ NORMAL  ]  ##   Simulation at step 93
[ NORMAL  ]  ##   Simulation at step 94
[ NORMAL  ]  ##   Simulation at step 95
[ NORMAL  ]  ##   Simulation at step 96
[ NORMAL  ]  ##   Simulation at step 97
[ NORMAL  ]  ##   Simulation at step 98
[ NORMAL  ]  ##   Simulation at step 99
[ NORMAL  ]  ##   Simulation at step 100
[ NORMAL  ]  ##   Simulation at step 101
[ NORMAL  ]  ##   Simulation at step 102
[ NORMAL  ]  ##   Simulation at step 103
[ NORMAL  ]  ##   Simulation at step 104
[ NORMAL  ]  ##   Simulation at step 105
[ NORMAL  ]  ##   Simulation at step 106
[ NORMAL  ]  ##   Simulation at step 107
[ NORMAL  ]  ##   Simulation at step 108
[ NORMAL  ]  ##   Simulation at step 109
[ NORMAL  ]  ##   Simulation at step 110
[ NORMAL  ]  ##   Simulation at step 111
[ NORMAL  ]  ##   Simulation at step 112
[ NORMAL  ]  ##   Simulation at step 113
[ NORMAL  ]  ##   Simulation at step 114
[ NORMAL  ]  ##   Simulation at step 115
[ NORMAL  ]  ##   Simulation at step 116
[ NORMAL  ]  ##   Simulation at step 117
[ NORMAL  ]  ##   Simulation at step 118
[ NORMAL  ]  ##   Simulation at step 119
[ NORMAL  ]  ##   Simulation at step 120
[ NORMAL  ]  ##   Simulation at step 121
[ NORMAL  ]  ##   Simulation at step 122
[ NORMAL  ]  ##   Simulation at step 123
[ NORMAL  ]  ##   Simulation at step 124
[ NORMAL  ]  ##   Simulation at step 125
[ NORMAL  ]  ##   Simulation at step 126
[ NORMAL  ]  ##   Simulation at step 127
[ NORMAL  ]  ##   Simulation at step 128
[ NORMAL  ]  ##   Simulation at step 129
[ NORMAL  ]  ##   Simulation at step 130
[ NORMAL  ]  ##   Simulation at step 131
[ NORMAL  ]  ##   Simulation at step 132
[ NORMAL  ]  ##   Simulation at step 133
[ NORMAL  ]  ##   Simulation at step 134
[ NORMAL  ]  ##   Simulation at step 135
[ NORMAL  ]  ##   Simulation at step 136
[ NORMAL  ]  ##   Simulation at step 137
[ NORMAL  ]  ##   Simulation at step 138
[ NORMAL  ]  ##   Simulation at step 139
[ NORMAL  ]  ##   Simulation at step 140
[ NORMAL  ]  ##   Simulation at step 141
[ NORMAL  ]  ##   Simulation at step 142
[ NORMAL  ]  ##   Simulation at step 143
[ NORMAL  ]  ##   Simulation at step 144
[ NORMAL  ]  ##   Simulation at step 145
[ NORMAL  ]  ##   Simulation at step 146
[ NORMAL  ]  ##   Simulation at step 147
[ NORMAL  ]  ##   Simulation at step 148
[ NORMAL  ]  ##   Simulation at step 149
[ NORMAL  ]  ##   Simulation at step 150
[ NORMAL  ]  ##   Simulation at step 151
[ NORMAL  ]  ##   Simulation at step 152
[ NORMAL  ]  ##   Simulation at step 153
[ NORMAL  ]  ##   Simulation at step 154
[ NORMAL  ]  ##   Simulation at step 155
[ NORMAL  ]  ##   Simulation at step 156
[ NORMAL  ]  ##   Simulation at step 157
[ NORMAL  ]  ##   Simulation at step 158
[ NORMAL  ]  ##   Simulation at step 159
[ NORMAL  ]  ##   Simulation at step 160
[ NORMAL  ]  ##   Simulation at step 161
[ NORMAL  ]  ##   Simulation at step 162
[ NORMAL  ]  ##   Simulation at step 163
[ NORMAL  ]  ##   Simulation at step 164
[ NORMAL  ]  ##   Simulation at step 165
[ NORMAL  ]  ##   Simulation at step 166
[ NORMAL  ]  ##   Simulation at step 167
[ NORMAL  ]  ##   Simulation at step 168
[ NORMAL  ]  ##   Simulation at step 169
[ NORMAL  ]  ##   Simulation at step 170
[ NORMAL  ]  ##   Simulation at step 171
[ NORMAL  ]  ##   Simulation at step 172
[ NORMAL  ]  ##   Simulation at step 173
[ NORMAL  ]  ##   Simulation at step 174
[ NORMAL  ]  ##   Simulation at step 175
[ NORMAL  ]  ##   Simulation at step 176
[ NORMAL  ]  ##   Simulation at step 177
[ NORMAL  ]  ##   Simulation at step 178
[ NORMAL  ]  ##   Simulation at step 179
[ NORMAL  ]  ##   Simulation at step 180
[ NORMAL  ]  ##   Simulation at step 181
[ NORMAL  ]  ##   Simulation at step 182
[ NORMAL  ]  ##   Simulation at step 183
[ NORMAL  ]  ##   Simulation at step 184
[ NORMAL  ]  ##   Simulation at step 185
[ NORMAL  ]  ##   Simulation at step 186
[ NORMAL  ]  ##   Simulation at step 187
[ NORMAL  ]  ##   Simulation at step 188
[ NORMAL  ]  ##   Simulation at step 189
[ NORMAL  ]  ##   Simulation at step 190
[ NORMAL  ]  ##   Simulation at step 191
[ NORMAL  ]  ##   Simulation at step 192
[ NORMAL  ]  ##   Simulation at step 193
[ NORMAL  ]  ##   Simulation at step 194
[ NORMAL  ]  ##   Simulation at step 195
[ NORMAL  ]  ##   Simulation at step 196
[ NORMAL  ]  ##   Simulation at step 197
[ NORMAL  ]  ##   Simulation at step 198
[ NORMAL  ]  ##   Simulation at step 199
[ NORMAL  ]  ##   Simulation at step 200
[ NORMAL  ]  ##   Simulation at step 201
[ NORMAL  ]  ##   Simulation at step 202
[ NORMAL  ]  ##   Simulation at step 203
[ NORMAL  ]  ##   Simulation at step 204
[ NORMAL  ]  ##   Simulation at step 205
[ NORMAL  ]  ##   Simulation at step 206
[ NORMAL  ]  ##   Simulation at step 207
[ NORMAL  ]  ##   Simulation at step 208
[ NORMAL  ]  ##   Simulation at step 209
[ NORMAL  ]  ##   Simulation at step 210
[ NORMAL  ]  ##   Simulation at step 211
[ NORMAL  ]  ##   Simulation at step 212
[ NORMAL  ]  ##   Simulation at step 213
[ NORMAL  ]  ##   Simulation at step 214
[ NORMAL  ]  ##   Simulation at step 215
[ NORMAL  ]  ##   Simulation at step 216
[ NORMAL  ]  ##   Simulation at step 217
[ NORMAL  ]  ##   Simulation at step 218
[ NORMAL  ]  ##   Simulation at step 219
[ NORMAL  ]  ##   Simulation at step 220
[ NORMAL  ]  ##   Simulation at step 221
[ NORMAL  ]  ##   Simulation at step 222
[ NORMAL  ]  ##   Simulation at step 223
[ NORMAL  ]  ##   Simulation at step 224
[ NORMAL  ]  ##   Simulation at step 225
[ NORMAL  ]  ##   Simulation at step 226
[ NORMAL  ]  ##   Simulation at step 227
[ NORMAL  ]  ##   Simulation at step 228
[ NORMAL  ]  ##   Simulation at step 229
[ NORMAL  ]  ##   Simulation at step 230
[ NORMAL  ]  ##   Simulation at step 231
[ NORMAL  ]  ##   Simulation at step 232
[ NORMAL  ]  ##   Simulation at step 233
[ NORMAL  ]  ##   Simulation at step 234
[ NORMAL  ]  ##   Simulation at step 235
[ NORMAL  ]  ##   Simulation at step 236
[ NORMAL  ]  ##   Simulation at step 237
[ NORMAL  ]  ##   Simulation at step 238
[ NORMAL  ]  ##   Simulation at step 239
[ NORMAL  ]  ##   Simulation at step 240
[ NORMAL  ]  ##   Simulation at step 241
[ NORMAL  ]  ##   Simulation at step 242
[ NORMAL  ]  ##   Simulation at step 243
[ NORMAL  ]  ##   Simulation at step 244
[ NORMAL  ]  ##   Simulation at step 245
[ NORMAL  ]  ##   Simulation at step 246
[ NORMAL  ]  ##   Simulation at step 247
[ NORMAL  ]  ##   Simulation at step 248
[ NORMAL  ]  ##   Simulation at step 249
[ NORMAL  ]  ##   Simulation at step 250
[ NORMAL  ]  ##   Simulation at step 251
[ NORMAL  ]  ##   Simulation at step 252
[ NORMAL  ]  ##   Simulation at step 253
[ NORMAL  ]  ##   Simulation at step 254
[ NORMAL  ]  ##   Simulation at step 255
[ NORMAL  ]  ##   Simulation at step 256
[ NORMAL  ]  ##   Simulation at step 257
[ NORMAL  ]  ##   Simulation at step 258
[ NORMAL  ]  ##   Simulation at step 259
[ NORMAL  ]  ##   Simulation at step 260
[ NORMAL  ]  ##   Simulation at step 261
[ NORMAL  ]  ##   Simulation at step 262
[ NORMAL  ]  ##   Simulation at step 263
[ NORMAL  ]  ##   Simulation at step 264
[ NORMAL  ]  ##   Simulation at step 265
[ NORMAL  ]  ##   Simulation at step 266
[ NORMAL  ]  ##   Simulation at step 267
[ NORMAL  ]  ##   Simulation at step 268
[ NORMAL  ]  ##   Simulation at step 269
[ NORMAL  ]  ##   Simulation at step 270
[ NORMAL  ]  ##   Simulation at step 271
[ NORMAL  ]  ##   Simulation at step 272
[ NORMAL  ]  ##   Simulation at step 273
[ NORMAL  ]  ##   Simulation at step 274
[ NORMAL  ]  ##   Simulation at step 275
[ NORMAL  ]  ##   Simulation at step 276
[ NORMAL  ]  ##   Simulation at step 277
[ NORMAL  ]  ##   Simulation at step 278
[ NORMAL  ]  ##   Simulation at step 279
[ NORMAL  ]  ##   Simulation at step 280
[ NORMAL  ]  ##   Simulation at step 281
[ NORMAL  ]  ##   Simulation at step 282
[ NORMAL  ]  ##   Simulation at step 283
[ NORMAL  ]  ##   Simulation at step 284
[ NORMAL  ]  ##   Simulation at step 285
[ NORMAL  ]  ##   Simulation at step 286
[ NORMAL  ]  ##   Simulation at step 287
[ NORMAL  ]  ##   Simulation at step 288
[ NORMAL  ]  ##   Simulation at step 289
[ NORMAL  ]  ##   Simulation at step 290
[ NORMAL  ]  ##   Simulation at step 291
[ NORMAL  ]  ##   Simulation at step 292
[ NORMAL  ]  ##   Simulation at step 293
[ NORMAL  ]  ##   Simulation at step 294
[ NORMAL  ]  ##   Simulation at step 295
[ NORMAL  ]  ##   Simulation at step 296
[ NORMAL  ]  ##   Simulation at step 297
[ NORMAL  ]  ##   Simulation at step 298
[ NORMAL  ]  ##   Simulation at step 299
[ NORMAL  ]  ##   Simulation at step 300
[ NORMAL  ]  ##   Simulation at step 301
[ NORMAL  ]  ##   Simulation at step 302
[ NORMAL  ]  ##   Simulation at step 303
[ NORMAL  ]  ##   Simulation at step 304
[ NORMAL  ]  ##   Simulation at step 305
[ NORMAL  ]  ##   Simulation at step 306
[ NORMAL  ]  ##   Simulation at step 307
[ NORMAL  ]  ##   Simulation at step 308
[ NORMAL  ]  ##   Simulation at step 309
[ NORMAL  ]  ##   Simulation at step 310
[ NORMAL  ]  ##   Simulation at step 311
[ NORMAL  ]  ##   Simulation at step 312
[ NORMAL  ]  ##   Simulation at step 313
[ NORMAL  ]  ##   Simulation at step 314
[ NORMAL  ]  ##   Simulation at step 315
[ NORMAL  ]  ##   Simulation at step 316
[ NORMAL  ]  ##   Simulation at step 317
[ NORMAL  ]  ##   Simulation at step 318
[ NORMAL  ]  ##   Simulation at step 319
[ NORMAL  ]  ##   Simulation at step 320
[ NORMAL  ]  ##   Simulation at step 321
[ NORMAL  ]  ##   Simulation at step 322
[ NORMAL  ]  ##   Simulation at step 323
[ NORMAL  ]  ##   Simulation at step 324
[ NORMAL  ]  ##   Simulation at step 325
[ NORMAL  ]  ##   Simulation at step 326
[ NORMAL  ]  ##   Simulation at step 327
[ NORMAL  ]  ##   Simulation at step 328
[ NORMAL  ]  ##   Simulation at step 329
[ NORMAL  ]  ##   Simulation at step 330
[ NORMAL  ]  ##   Simulation at step 331
[ NORMAL  ]  ##   Simulation at step 332
[ NORMAL  ]  ##   Simulation at step 333
[ NORMAL  ]  ##   Simulation at step 334
[ NORMAL  ]  ##   Simulation at step 335
[ NORMAL  ]  ##   Simulation at step 336
[ NORMAL  ]  ##   Simulation at step 337
[ NORMAL  ]  ##   Simulation at step 338
[ NORMAL  ]  ##   Simulation at step 339
[ NORMAL  ]  ##   Simulation at step 340
[ NORMAL  ]  ##   Simulation at step 341
[ NORMAL  ]  ##   Simulation at step 342
[ NORMAL  ]  ##   Simulation at step 343
[ NORMAL  ]  ##   Simulation at step 344
[ NORMAL  ]  ##   Simulation at step 345
[ NORMAL  ]  ##   Simulation at step 346
[ NORMAL  ]  ##   Simulation at step 347
[ NORMAL  ]  ##   Simulation at step 348
[ NORMAL  ]  ##   Simulation at step 349
[ NORMAL  ]  ##   Simulation at step 350
[ NORMAL  ]  ##   Simulation at step 351
[ NORMAL  ]  ##   Simulation at step 352
[ NORMAL  ]  ##   Simulation at step 353
[ NORMAL  ]  ##   Simulation at step 354
[ NORMAL  ]  ##   Simulation at step 355
[ NORMAL  ]  ##   Simulation at step 356
[ NORMAL  ]  ##   Simulation at step 357
[ NORMAL  ]  ##   Simulation at step 358
[ NORMAL  ]  ##   Simulation at step 359
[ NORMAL  ]  ##   Simulation at step 360
[ NORMAL  ]  ##   Simulation at step 361
[ NORMAL  ]  ##   Simulation at step 362
[ NORMAL  ]  ##   Simulation at step 363
[ NORMAL  ]  ##   Simulation at step 364
[ NORMAL  ]  ##   Simulation at step 365
[ NORMAL  ]  ##   Simulation at step 366
[ NORMAL  ]  ##   Simulation at step 367
[ NORMAL  ]  ##   Simulation at step 368
[ NORMAL  ]  ##   Simulation at step 369
[ NORMAL  ]  ##   Simulation at step 370
[ NORMAL  ]  ##   Simulation at step 371
[ NORMAL  ]  ##   Simulation at step 372
[ NORMAL  ]  ##   Simulation at step 373
[ NORMAL  ]  ##   Simulation at step 374
[ NORMAL  ]  ##   Simulation at step 375
[ NORMAL  ]  ##   Simulation at step 376
[ NORMAL  ]  ##   Simulation at step 377
[ NORMAL  ]  ##   Simulation at step 378
[ NORMAL  ]  ##   Simulation at step 379
[ NORMAL  ]  ##   Simulation at step 380
[ NORMAL  ]  ##   Simulation at step 381
[ NORMAL  ]  ##   Simulation at step 382
[ NORMAL  ]  ##   Simulation at step 383
[ NORMAL  ]  ##   Simulation at step 384
[ NORMAL  ]  ##   Simulation at step 385
[ NORMAL  ]  ##   Simulation at step 386
[ NORMAL  ]  ##   Simulation at step 387
[ NORMAL  ]  ##   Simulation at step 388
[ NORMAL  ]  ##   Simulation at step 389
[ NORMAL  ]  ##   Simulation at step 390
[ NORMAL  ]  ##   Simulation at step 391
[ NORMAL  ]  ##   Simulation at step 392
[ NORMAL  ]  ##   Simulation at step 393
[ NORMAL  ]  ##   Simulation at step 394
[ NORMAL  ]  ##   Simulation at step 395
[ NORMAL  ]  ##   Simulation at step 396
[ NORMAL  ]  ##   Simulation at step 397
[ NORMAL  ]  ##   Simulation at step 398
[ NORMAL  ]  ##   Simulation at step 399
[ NORMAL  ]  ##   Simulation at step 400
[ NORMAL  ]  ##   Simulation at step 401
[ NORMAL  ]  ##   Simulation at step 402
[ NORMAL  ]  ##   Simulation at step 403
[ NORMAL  ]  ##   Simulation at step 404
[ NORMAL  ]  ##   Simulation at step 405
[ NORMAL  ]  ##   Simulation at step 406
[ NORMAL  ]  ##   Simulation at step 407
[ NORMAL  ]  ##   Simulation at step 408
[ NORMAL  ]  ##   Simulation at step 409
[ NORMAL  ]  ##   Simulation at step 410
[ NORMAL  ]  ##   Simulation at step 411
[ NORMAL  ]  ##   Simulation at step 412
[ NORMAL  ]  ##   Simulation at step 413
[ ERROR  ]  ##   Error receiving json object. Stop receiving.
[ ERROR  ]  ##   Error receiving json object. Stop receiving.
[ NORMAL  ]  ##   No valid action available in time for agent agentA1.
[ NORMAL  ]  ##   Simulation at step 414
[ NORMAL  ]  ##   No valid action available in time for agent agentA1.
[ NORMAL  ]  ##   No valid action available in time for agent agentA2.
[ NORMAL  ]  ##   Simulation at step 415
[ NORMAL  ]  ##   No valid action available in time for agent agentA1.
[ NORMAL  ]  ##   No valid action available in time for agent agentA2.
[ NORMAL  ]  ##   Simulation at step 416
[ NORMAL  ]  ##   No valid action available in time for agent agentA1.
[ NORMAL  ]  ##   No valid action available in time for agent agentA2.
[ NORMAL  ]  ##   Simulation at step 417
[ NORMAL  ]  ##   No valid action available in time for agent agentA1.
[ NORMAL  ]  ##   No valid action available in time for agent agentA2.
[ NORMAL  ]  ##   Simulation at step 418
[ NORMAL  ]  ##   No valid action available in time for agent agentA2.
[ NORMAL  ]  ##   No valid action available in time for agent agentA1.
[ NORMAL  ]  ##   Simulation at step 419
[ NORMAL  ]  ##   No valid action available in time for agent agentA2.
[ NORMAL  ]  ##   No valid action available in time for agent agentA1.
[ NORMAL  ]  ##   Simulation at step 420
[ NORMAL  ]  ##   No valid action available in time for agent agentA1.
[ NORMAL  ]  ##   No valid action available in time for agent agentA2.
[ NORMAL  ]  ##   Simulation at step 421
[ NORMAL  ]  ##   No valid action available in time for agent agentA2.
[ NORMAL  ]  ##   No valid action available in time for agent agentA1.
[ NORMAL  ]  ##   Simulation at step 422
[ NORMAL  ]  ##   No valid action available in time for agent agentA2.
[ NORMAL  ]  ##   No valid action available in time for agent agentA1.
[ NORMAL  ]  ##   Simulation at step 423
[ NORMAL  ]  ##   No valid action available in time for agent agentA1.
[ NORMAL  ]  ##   No valid action available in time for agent agentA2.
[ NORMAL  ]  ##   Simulation at step 424
[ NORMAL  ]  ##   No valid action available in time for agent agentA1.
[ NORMAL  ]  ##   No valid action available in time for agent agentA2.
[ NORMAL  ]  ##   Simulation at step 425
[ NORMAL  ]  ##   No valid action available in time for agent agentA2.
[ NORMAL  ]  ##   No valid action available in time for agent agentA1.
[ NORMAL  ]  ##   Simulation at step 426
[ NORMAL  ]  ##   No valid action available in time for agent agentA1.
[ NORMAL  ]  ##   No valid action available in time for agent agentA2.
[ NORMAL  ]  ##   Simulation at step 427
[ NORMAL  ]  ##   No valid action available in time for agent agentA1.
[ NORMAL  ]  ##   No valid action available in time for agent agentA2.
[ NORMAL  ]  ##   Simulation at step 428
[ NORMAL  ]  ##   No valid action available in time for agent agentA1.
[ NORMAL  ]  ##   No valid action available in time for agent agentA2.
[ NORMAL  ]  ##   Simulation at step 429
[ NORMAL  ]  ##   No valid action available in time for agent agentA2.
[ NORMAL  ]  ##   No valid action available in time for agent agentA1.
[ NORMAL  ]  ##   Simulation at step 430
