[ NORMAL  ]  ##   Please press ENTER to start the tournament.
[ NORMAL  ]  ##   Configuring random seed: 17
[ NORMAL  ]  ##   config.randomFail: 0
[ NORMAL  ]  ##   config.attachLimit: 10
[ NORMAL  ]  ##   config.clearSteps: 3
[ NORMAL  ]  ##   config.clusterBounds: 2, 3
[ NORMAL  ]  ##   config.clearEnergyCost: 30
[ NORMAL  ]  ##   config.disableDuration: 4
[ NORMAL  ]  ##   config.maxEnergy: 300
[ NORMAL  ]  ##   config.blockTypes: [1,2] -> 2
[ NORMAL  ]  ##   config.dispensersBounds: [5,10]
[ NORMAL  ]  ##   config.tasks.duration: [200,200]
[ NORMAL  ]  ##   config.tasks.size: [1,1]
[ NORMAL  ]  ##   config.tasks.rewardDecay: [1,2]
[ NORMAL  ]  ##   config.tasks.probability: 0.05
[ NORMAL  ]  ##   config.taskboards: 3
[ NORMAL  ]  ##   config.distanceToTaskboards: 8
[ NORMAL  ]  ##   config.tasks.lowerRewardLimit: 10
[ NORMAL  ]  ##   config.events.chance: 0
[ NORMAL  ]  ##   config.events.radius: 3 - 5
[ NORMAL  ]  ##   config.events.warning: 5
[ NORMAL  ]  ##   config.events.create: -3 - 1
[ NORMAL  ]  ##   config.events.perimeter: 2
[ NORMAL  ]  ##   Created dispenser(28,33,b0)
[ NORMAL  ]  ##   Created dispenser(25,43,b0)
[ NORMAL  ]  ##   Created dispenser(8,45,b0)
[ NORMAL  ]  ##   Created dispenser(14,39,b0)
[ NORMAL  ]  ##   Created dispenser(20,46,b0)
[ NORMAL  ]  ##   Created dispenser(2,18,b0)
[ NORMAL  ]  ##   Created dispenser(4,22,b0)
[ NORMAL  ]  ##   Created dispenser(35,13,b0)
[ NORMAL  ]  ##   Created dispenser(19,40,b1)
[ NORMAL  ]  ##   Created dispenser(23,18,b1)
[ NORMAL  ]  ##   Created dispenser(8,49,b1)
[ NORMAL  ]  ##   Created dispenser(12,28,b1)
[ NORMAL  ]  ##   Created dispenser(37,37,b1)
[ NORMAL  ]  ##   Created dispenser(44,32,b1)
[ NORMAL  ]  ##   Created dispenser(38,35,b1)
[ NORMAL  ]  ##   Created dispenser(21,2,b1)
[ NORMAL  ]  ##   Created dispenser(15,6,b1)
[ NORMAL  ]  ##   Created Taskboard(0,45)
[ NORMAL  ]  ##   Created Taskboard(28,27)
[ NORMAL  ]  ##   Created Taskboard(12,2)
[ NORMAL  ]  ##   Simulation at step 0
[ NORMAL  ]  ##   got authentication: username=agentA14 password=1 address=127.0.0.1
[ NORMAL  ]  ##   agentA14 authentication successful
[ NORMAL  ]  ##   got authentication: username=agentA5 password=1 address=127.0.0.1
[ NORMAL  ]  ##   agentA5 authentication successful
[ NORMAL  ]  ##   got authentication: username=agentA4 password=1 address=127.0.0.1
[ NORMAL  ]  ##   agentA4 authentication successful
[ NORMAL  ]  ##   got authentication: username=agentA12 password=1 address=127.0.0.1
[ NORMAL  ]  ##   agentA12 authentication successful
[ NORMAL  ]  ##   got authentication: username=agentA8 password=1 address=127.0.0.1
[ NORMAL  ]  ##   agentA8 authentication successful
[ NORMAL  ]  ##   got authentication: username=agentA2 password=1 address=127.0.0.1
[ NORMAL  ]  ##   agentA2 authentication successful
[ NORMAL  ]  ##   got authentication: username=agentA1 password=1 address=127.0.0.1
[ NORMAL  ]  ##   agentA1 authentication successful
[ NORMAL  ]  ##   got authentication: username=agentA15 password=1 address=127.0.0.1
[ NORMAL  ]  ##   agentA15 authentication successful
[ NORMAL  ]  ##   got authentication: username=agentA9 password=1 address=127.0.0.1
[ NORMAL  ]  ##   got authentication: username=agentA13 password=1 address=127.0.0.1
[ NORMAL  ]  ##   got authentication: username=agentA7 password=1 address=127.0.0.1
[ NORMAL  ]  ##   got authentication: username=agentA3 password=1 address=127.0.0.1
[ NORMAL  ]  ##   agentA3 authentication successful
[ NORMAL  ]  ##   got authentication: username=agentA11 password=1 address=127.0.0.1
[ NORMAL  ]  ##   got authentication: username=agentA6 password=1 address=127.0.0.1
[ NORMAL  ]  ##   agentA6 authentication successful
[ NORMAL  ]  ##   got authentication: username=agentA10 password=1 address=127.0.0.1
[ NORMAL  ]  ##   agentA10 authentication successful
[ NORMAL  ]  ##   agentA11 authentication successful
[ NORMAL  ]  ##   agentA7 authentication successful
[ NORMAL  ]  ##   agentA13 authentication successful
[ NORMAL  ]  ##   agentA9 authentication successful
[ NORMAL  ]  ##   No valid action available in time for agent agentA7.
[ NORMAL  ]  ##   No valid action available in time for agent agentA8.
[ NORMAL  ]  ##   No valid action available in time for agent agentA9.
[ NORMAL  ]  ##   No valid action available in time for agent agentA13.
[ NORMAL  ]  ##   No valid action available in time for agent agentA3.
[ NORMAL  ]  ##   No valid action available in time for agent agentA2.
[ NORMAL  ]  ##   No valid action available in time for agent agentA11.
[ NORMAL  ]  ##   No valid action available in time for agent agentA6.
[ NORMAL  ]  ##   No valid action available in time for agent agentA4.
[ NORMAL  ]  ##   No valid action available in time for agent agentA15.
[ NORMAL  ]  ##   No valid action available in time for agent agentA5.
[ NORMAL  ]  ##   No valid action available in time for agent agentA1.
[ NORMAL  ]  ##   No valid action available in time for agent agentA12.
[ NORMAL  ]  ##   No valid action available in time for agent agentA14.
[ NORMAL  ]  ##   No valid action available in time for agent agentA10.
[ NORMAL  ]  ##   Simulation at step 1
[ NORMAL  ]  ##   Simulation at step 2
[ NORMAL  ]  ##   Simulation at step 3
[ NORMAL  ]  ##   Simulation at step 4
[ NORMAL  ]  ##   Simulation at step 5
[ NORMAL  ]  ##   Simulation at step 6
[ NORMAL  ]  ##   Simulation at step 7
[ NORMAL  ]  ##   Simulation at step 8
[ NORMAL  ]  ##   Simulation at step 9
[ NORMAL  ]  ##   Simulation at step 10
[ NORMAL  ]  ##   Simulation at step 11
[ NORMAL  ]  ##   Simulation at step 12
[ NORMAL  ]  ##   Simulation at step 13
[ NORMAL  ]  ##   Simulation at step 14
[ NORMAL  ]  ##   Simulation at step 15
[ NORMAL  ]  ##   Simulation at step 16
[ NORMAL  ]  ##   Simulation at step 17
[ NORMAL  ]  ##   Simulation at step 18
[ NORMAL  ]  ##   Simulation at step 19
[ NORMAL  ]  ##   Simulation at step 20
[ NORMAL  ]  ##   Simulation at step 21
[ NORMAL  ]  ##   Simulation at step 22
[ NORMAL  ]  ##   Simulation at step 23
[ NORMAL  ]  ##   Simulation at step 24
[ NORMAL  ]  ##   Simulation at step 25
[ NORMAL  ]  ##   Simulation at step 26
[ NORMAL  ]  ##   Simulation at step 27
[ NORMAL  ]  ##   Simulation at step 28
[ NORMAL  ]  ##   Simulation at step 29
[ NORMAL  ]  ##   Simulation at step 30
[ NORMAL  ]  ##   Simulation at step 31
[ NORMAL  ]  ##   Simulation at step 32
[ NORMAL  ]  ##   Simulation at step 33
[ NORMAL  ]  ##   Simulation at step 34
[ NORMAL  ]  ##   Simulation at step 35
[ NORMAL  ]  ##   Simulation at step 36
[ NORMAL  ]  ##   Simulation at step 37
[ NORMAL  ]  ##   Simulation at step 38
[ NORMAL  ]  ##   Simulation at step 39
[ NORMAL  ]  ##   Simulation at step 40
[ NORMAL  ]  ##   Simulation at step 41
[ NORMAL  ]  ##   Simulation at step 42
[ NORMAL  ]  ##   Simulation at step 43
[ NORMAL  ]  ##   Simulation at step 44
[ NORMAL  ]  ##   Simulation at step 45
[ NORMAL  ]  ##   Simulation at step 46
[ NORMAL  ]  ##   Simulation at step 47
[ NORMAL  ]  ##   Simulation at step 48
[ NORMAL  ]  ##   Simulation at step 49
[ NORMAL  ]  ##   Simulation at step 50
[ NORMAL  ]  ##   Simulation at step 51
[ NORMAL  ]  ##   Simulation at step 52
[ NORMAL  ]  ##   Simulation at step 53
[ NORMAL  ]  ##   Simulation at step 54
[ NORMAL  ]  ##   Simulation at step 55
[ NORMAL  ]  ##   Simulation at step 56
[ NORMAL  ]  ##   Simulation at step 57
[ NORMAL  ]  ##   Simulation at step 58
[ NORMAL  ]  ##   Simulation at step 59
[ NORMAL  ]  ##   Simulation at step 60
[ NORMAL  ]  ##   Simulation at step 61
[ NORMAL  ]  ##   Simulation at step 62
[ NORMAL  ]  ##   Simulation at step 63
[ NORMAL  ]  ##   Simulation at step 64
[ NORMAL  ]  ##   Simulation at step 65
[ NORMAL  ]  ##   Simulation at step 66
[ NORMAL  ]  ##   Simulation at step 67
[ NORMAL  ]  ##   Simulation at step 68
[ NORMAL  ]  ##   Simulation at step 69
[ NORMAL  ]  ##   Simulation at step 70
[ NORMAL  ]  ##   Simulation at step 71
[ NORMAL  ]  ##   Simulation at step 72
[ NORMAL  ]  ##   Simulation at step 73
[ NORMAL  ]  ##   Simulation at step 74
[ NORMAL  ]  ##   Simulation at step 75
[ NORMAL  ]  ##   Simulation at step 76
[ NORMAL  ]  ##   Simulation at step 77
[ NORMAL  ]  ##   Simulation at step 78
[ NORMAL  ]  ##   Simulation at step 79
[ NORMAL  ]  ##   Simulation at step 80
[ NORMAL  ]  ##   Simulation at step 81
[ NORMAL  ]  ##   Simulation at step 82
[ NORMAL  ]  ##   Simulation at step 83
[ NORMAL  ]  ##   Simulation at step 84
[ NORMAL  ]  ##   Simulation at step 85
[ NORMAL  ]  ##   Simulation at step 86
[ NORMAL  ]  ##   Simulation at step 87
[ NORMAL  ]  ##   Simulation at step 88
[ NORMAL  ]  ##   Simulation at step 89
[ NORMAL  ]  ##   Simulation at step 90
[ NORMAL  ]  ##   Simulation at step 91
[ NORMAL  ]  ##   Simulation at step 92
[ NORMAL  ]  ##   Simulation at step 93
[ NORMAL  ]  ##   Simulation at step 94
[ NORMAL  ]  ##   Simulation at step 95
[ NORMAL  ]  ##   Simulation at step 96
[ NORMAL  ]  ##   Simulation at step 97
[ NORMAL  ]  ##   Simulation at step 98
[ NORMAL  ]  ##   Simulation at step 99
[ NORMAL  ]  ##   Simulation at step 100
[ NORMAL  ]  ##   Simulation at step 101
[ NORMAL  ]  ##   Simulation at step 102
[ NORMAL  ]  ##   Simulation at step 103
[ NORMAL  ]  ##   Simulation at step 104
[ NORMAL  ]  ##   Simulation at step 105
[ NORMAL  ]  ##   Simulation at step 106
[ NORMAL  ]  ##   Simulation at step 107
[ NORMAL  ]  ##   Simulation at step 108
[ NORMAL  ]  ##   Simulation at step 109
[ NORMAL  ]  ##   Simulation at step 110
[ NORMAL  ]  ##   Simulation at step 111
[ NORMAL  ]  ##   Simulation at step 112
[ NORMAL  ]  ##   Simulation at step 113
[ NORMAL  ]  ##   Simulation at step 114
[ NORMAL  ]  ##   Simulation at step 115
[ NORMAL  ]  ##   Simulation at step 116
[ NORMAL  ]  ##   Simulation at step 117
[ NORMAL  ]  ##   Simulation at step 118
[ NORMAL  ]  ##   Simulation at step 119
[ NORMAL  ]  ##   Simulation at step 120
[ NORMAL  ]  ##   Simulation at step 121
[ NORMAL  ]  ##   Simulation at step 122
[ NORMAL  ]  ##   Simulation at step 123
[ NORMAL  ]  ##   Simulation at step 124
[ NORMAL  ]  ##   Simulation at step 125
[ NORMAL  ]  ##   Simulation at step 126
[ NORMAL  ]  ##   Simulation at step 127
[ NORMAL  ]  ##   Simulation at step 128
[ NORMAL  ]  ##   Simulation at step 129
[ NORMAL  ]  ##   Simulation at step 130
[ NORMAL  ]  ##   Simulation at step 131
[ NORMAL  ]  ##   Simulation at step 132
[ NORMAL  ]  ##   Simulation at step 133
[ NORMAL  ]  ##   Simulation at step 134
[ NORMAL  ]  ##   Simulation at step 135
[ NORMAL  ]  ##   Simulation at step 136
[ NORMAL  ]  ##   Simulation at step 137
[ NORMAL  ]  ##   Simulation at step 138
[ NORMAL  ]  ##   Simulation at step 139
[ NORMAL  ]  ##   Simulation at step 140
[ NORMAL  ]  ##   Simulation at step 141
[ NORMAL  ]  ##   Simulation at step 142
[ NORMAL  ]  ##   Simulation at step 143
[ NORMAL  ]  ##   Simulation at step 144
[ NORMAL  ]  ##   Simulation at step 145
[ NORMAL  ]  ##   Simulation at step 146
[ NORMAL  ]  ##   Simulation at step 147
[ NORMAL  ]  ##   Simulation at step 148
[ NORMAL  ]  ##   Simulation at step 149
[ NORMAL  ]  ##   Simulation at step 150
[ NORMAL  ]  ##   Simulation at step 151
[ NORMAL  ]  ##   Simulation at step 152
[ NORMAL  ]  ##   Simulation at step 153
[ NORMAL  ]  ##   Simulation at step 154
[ NORMAL  ]  ##   Simulation at step 155
[ NORMAL  ]  ##   Simulation at step 156
[ NORMAL  ]  ##   Simulation at step 157
[ NORMAL  ]  ##   Simulation at step 158
[ NORMAL  ]  ##   Simulation at step 159
[ NORMAL  ]  ##   Simulation at step 160
[ NORMAL  ]  ##   Simulation at step 161
[ NORMAL  ]  ##   Simulation at step 162
[ NORMAL  ]  ##   Simulation at step 163
[ NORMAL  ]  ##   Simulation at step 164
[ NORMAL  ]  ##   Simulation at step 165
[ NORMAL  ]  ##   Simulation at step 166
[ NORMAL  ]  ##   Simulation at step 167
[ NORMAL  ]  ##   Simulation at step 168
[ NORMAL  ]  ##   Simulation at step 169
[ NORMAL  ]  ##   Simulation at step 170
[ NORMAL  ]  ##   Simulation at step 171
[ NORMAL  ]  ##   Simulation at step 172
[ NORMAL  ]  ##   Simulation at step 173
[ NORMAL  ]  ##   Simulation at step 174
[ NORMAL  ]  ##   Simulation at step 175
[ NORMAL  ]  ##   Simulation at step 176
[ NORMAL  ]  ##   Simulation at step 177
[ ERROR  ]  ##   Error receiving json object. Stop receiving.
[ ERROR  ]  ##   Error receiving json object. Stop receiving.
[ ERROR  ]  ##   Error receiving json object. Stop receiving.
[ ERROR  ]  ##   Error receiving json object. Stop receiving.
[ ERROR  ]  ##   Error receiving json object. Stop receiving.
[ ERROR  ]  ##   Error receiving json object. Stop receiving.
[ ERROR  ]  ##   Error receiving json object. Stop receiving.
[ ERROR  ]  ##   Error receiving json object. Stop receiving.
[ ERROR  ]  ##   Error receiving json object. Stop receiving.
[ ERROR  ]  ##   Error receiving json object. Stop receiving.
[ ERROR  ]  ##   Error receiving json object. Stop receiving.
[ ERROR  ]  ##   Error receiving json object. Stop receiving.
[ ERROR  ]  ##   Error receiving json object. Stop receiving.
[ ERROR  ]  ##   Error receiving json object. Stop receiving.
[ ERROR  ]  ##   Error receiving json object. Stop receiving.
